3Articles Count: 3Display Function Received: <script>document.write(curr)</script>Articles Count: 3Display Function Received: <script>document.write(curr)</script>Articles Count: 3
Display Function Received: <script>document.write(curr)</script>
Articles Count: 3
Display Function Received: <script>document.write(curr)</script>
curArt Image: images\nws1.jpg
curArt Image: images\nws1.jpg
curArt Image in func: 
curArt Image: images\nws1.jpg
curArt Image in func: images\nws1.jpg
curArt Image: images\nws1.jpg
curArt Image in func: images\nws1.jpg
curArt Image: images\nws1.jpg
curArt Image in func: images\nws2.jpg
curArt Image: images\nws1.jpg
curArt Image in func: images\nws1.jpg
curArt Image: images\nws1.jpg
curArt Image in func: images\nws1.jpg
curArt Image: images\nws1.jpg
curArt Image in func: images\nws1.jpg
curArt Image in func: images\nws2.jpg
curArt Image: images\nws1.jpg
curArt Image in func: images\nws1.jpg
curArt Image in func: images\nws1.jpg
curArt Image: images\nws1.jpg
curArt Image in func: images\nws1.jpg
curArt Image in func: images\nws1.jpg
curArt Image: images\nws1.jpg
curArt Image in func: images\nws1.jpg
curArt Image in func: images\nws1.jpg
curArt Image: images\nws1.jpg
curArt Image in func: images\nws1.jpg
curArt Image in func: images\nws1.jpg
curArt Image: images\nws1.jpg
curArt Image in func: images\nws1.jpg
curArt Image in func: images\nws1.jpg
curArt Image: images\nws1.jpg
curArt Image in func: images\nws1.jpg
curArt Image in func: images\nws1.jpg
curArt Image: images\nws1.jpg
curArt Image in func: images\nws1.jpg
curArt Image in func: images\nws1.jpg
curArt Image: images\nws1.jpg
curArt Image in func: images\nws1.jpg
curArt Image in func: images\nws1.jpg
curArt Image Switch: images\nws2.jpg
curArt Image: images\nws1.jpg
curArt Image in func: images\nws1.jpg
curArt Image in func: images\nws1.jpg
curArt Image Switch: images\nws2.jpg
curArt Image INIT: images\nws1.jpg
curArt Image in func: images\nws1.jpg
curArt Image in func: images\nws1.jpg
curArt Image Switch: images\nws2.jpg
curArt Image INIT: images\nws1.jpg
curArt Image in func: images\nws1.jpg
curArt Image in func: images\nws1.jpg
curArt Image Switch: images\nws2.jpg
curArt Image INIT: images\nws1.jpg
curArt Image in func: images\nws1.jpg
curArt Image in func: images\nws1.jpg
curArt Image Switch: images\nws2.jpg
curArt Image INIT: images\nws1.jpg
curArt Image in func: images\nws1.jpg
curArt Image in func: images\nws1.jpg
curArt Image Switch: images\nws2.jpg
curArt Image INIT: images\nws1.jpg
curArt Image in func: images\nws1.jpg
curArt Image in func: images\nws1.jpg
curArt Image Switch: images\nws2.jpg
curArt Image INIT: 
curArt Image in func: 
curArt Image in func: 
curArt Image INIT: images\nws1.jpg
curArt Image in func: images\nws1.jpg
curArt Image in func: images\nws1.jpg
curArt Image Switch: images\nws2.jpg
curArt Image INIT: images\nws1.jpg
curArt Image in func: images\nws1.jpg
curArt Image in func: images\nws1.jpg
curArt Image Switch: images\nws2.jpg
curArt Image INIT: images\nws1.jpg
curArt Image in func: images\nws1.jpg
curArt Image in func: images\nws1.jpg
curArt Image Switch: images\nws2.jpg
curArt Image INIT: images\nws1.jpg
curArt Image in func: images\nws1.jpg
curArt Image in func: images\nws1.jpg
curArt Image Switch: images\nws2.jpg
curArt Image INIT: images\nws1.jpg
curArt Image in func: images\nws1.jpg
curArt Image in func: images\nws1.jpg
curArt Image Switch: images\nws2.jpg
curArt Image INIT: images\art1.jpg
curArt Image in func: images\art1.jpg
curArt Image in func: images\art1.jpg
curArt Image Switch: images\art2.jpg
curArt Image INIT: images\art1.jpg
curArt Image in func: images\art1.jpg
curArt Image in func: images\art1.jpg
curArt Image Switch: images\art2.jpg
curArt Image INIT: images\art1.jpg
curArt Image in func: images\art1.jpg
curArt Image in func: images\art1.jpg
curArt Image Switch: images\art2.jpg
curArt Image INIT: images\art1.jpg
curArt Image in func: images\art1.jpg
curArt Image in func: images\art1.jpg
curArt Image Switch: images\art2.jpg
curArt Image INIT: images\art1.jpg
curArt Image in func: images\art1.jpg
curArt Image in func: images\art1.jpg
curArt Image Switch: images\art2.jpg
curArt Image INIT: images,art1.jpg
curArt Image in func: images,art1.jpg
curArt Image in func: images,art1.jpg
curArt Image Switch: images,art2.jpg
curArt Image INIT: images,art1.jpg
curArt Image in func: images,art1.jpg
curArt Image in func: images,art1.jpg
curArt Image Switch: images,art2.jpg
curArt Image INIT: images,art1.jpg
curArt Image in func: images,art1.jpg
curArt Image in func: images,art1.jpg
curArt Image INIT: images,art1.jpg
curArt Image in func: images,art1.jpg
curArt Image in func: images,art1.jpg
curArt Image INIT: images,art1.jpg
curArt Image in func: images,art1.jpg
curArt Image in func: images,art1.jpg
curArt Image Switch: images,art2.jpg
curArt Image INIT: images,art1.jpg
curArt Image in func: images,art1.jpg
curArt Image in func: images,art1.jpg
curArt Image Switch: images,art2.jpg
curArt Image INIT: images,art1.jpg
curArt Image in func: images,art1.jpg
curArt Image in func: images,art1.jpg
curArt Image Switch: images,art2.jpg
curArt Image INIT: images,art1.jpg
curArt Image in func: images,art1.jpg
curArt Image in func: images,art1.jpg
curArt Image Switch: images,art2.jpg
curArt Image INIT: images,art1.jpg
curArt Image in func: images,art1.jpg
curArt Image in func: images,art1.jpg
curArt Image Switch: images,art1.jpg
curArt Image INIT: images,art1.jpg
curArt Image in func: images,art1.jpg
curArt Image in func: images,art1.jpg
curArt Image Switch: images,art2.jpg
curArt Image INIT: images,art1.jpg
curArt Image in func: images,art1.jpg
curArt Image in func: images,art1.jpg
curArt Image Switch: images,art2.jpg
curArt Image INIT: images,art1.jpg
curArt Image in func: images,art1.jpg
curArt Image in func: images,art1.jpg
curArt Image Index Switch: 1
curArt Image INIT: images,art1.jpg
curArt Image in func: images,art1.jpg
curArt Image Index Switch: 1
curArt Image in func: images,art2.jpg
curArt Image INIT: images,art1.jpg
curArt Image in func: images,art1.jpg
curArt Image in func: images,art1.jpg
curArt Image Index Switch: 1
curArt Image INIT: images,art1.jpg
curArt Image in func: images,art1.jpg
curArt Image in func: images,art1.jpg
curArt Image Index Switch: 1
curArt Image INIT: images,art1.jpg
curArt Image in func: images,art1.jpg
curArt Image in func: images,art1.jpg
curArt Image Index Switch: 1
curArt Image INIT: images,art1.jpg
curArt Image in func: images,art1.jpg
curArt Image in func: images,art1.jpg
curArt Image Index Switch: 1
curArt Image INIT: images,art1.jpg
curArt Image in func: images,art1.jpg
curArt Image in func: images,art1.jpg
curArt Image Index Switch: 1
curArt Image INIT: images,art1.jpg
curArt Image in func: images,art1.jpg
curArt Image Index Switch: 1
curArt Image in func: images,art2.jpg
curArt Image in func: images,art2.jpg
curArt Image in func: images,art2.jpg
curArt Image in func: images,art2.jpg
curArt Image in func: images,art2.jpg
curArt Image in func: images,art2.jpg
curArt Image in func: images,art2.jpg
curArt Image in func: images,art2.jpg
curArt Image in func: images,art2.jpg
curArt Image in func: images,art2.jpg
curArt Image in func: images,art2.jpg
curArt Image in func: images,art2.jpg
curArt Image in func: images,art2.jpg
curArt Image in func: images,art2.jpg
curArt Image in func: images,art2.jpg
curArt Image in func: images,art2.jpg
curArt Image in func: images,art2.jpg
curArt Image in func: images,art2.jpg
curArt Image in func: images,art2.jpg
curArt Image in func: images,art2.jpg
curArt Image in func: images,art2.jpg
curArt Image in func: images,art2.jpg
curArt Image in func: images,art2.jpg
curArt Image in func: images,art2.jpg
curArt Image in func: 
